=== UltraDAG Extended Monitoring Started ===
Duration: 24 hours
Interval: 300 seconds (5 minutes)
Start time: Sun Mar  8 18:34:36 +04 2026

[2026-03-08 18:34:36] Sample #1
  Node 1: round= 709 fin= 707 lag= 2 peers= 9 supply=2,196,850 ✅
NODE1:ROUND:709
NODE1:SUPPLY:2196850
  Node 2: round= 709 fin= 708 lag= 1 peers=10 supply=2,197,050 ✅
NODE2:ROUND:709
NODE2:SUPPLY:2197050
  Node 3: round= 709 fin= 709 lag= 0 peers=12 supply=2,197,100 ✅
NODE3:ROUND:709
NODE3:SUPPLY:2197100
  Node 4: round= 709 fin= 709 lag= 0 peers=12 supply=2,197,100 ✅
NODE4:ROUND:709
NODE4:SUPPLY:2197100
  Round 708: 4 vertices ✅

[2026-03-08 18:38:25] Sample #83
  Node 1: round= 800 fin= 800 lag= 0 peers= 9 supply=2,217,450 ✅
  Node 2: round= 801 fin= 800 lag= 1 peers=10 supply=2,217,450 ✅
  Node 3: round= 801 fin= 800 lag= 1 peers=12 supply=2,217,450 ✅
  Node 4: round= 801 fin= 800 lag= 1 peers=12 supply=2,217,500 ✅
  Round 800: 5 vertices ✅

[2026-03-08 18:39:38] Sample #2
  Node 1: round= 830 fin= 829 lag= 1 peers= 9 supply=2,224,000 ✅
NODE1:ROUND:830
NODE1:SUPPLY:2224000
  Node 2: round= 830 fin= 829 lag= 1 peers=10 supply=2,224,000 ✅
NODE2:ROUND:830
NODE2:SUPPLY:2224000
  Node 3: round= 830 fin= 829 lag= 1 peers=12 supply=2,224,000 ✅
NODE3:ROUND:830
NODE3:SUPPLY:2224000
  Node 4: round= 830 fin= 829 lag= 1 peers=12 supply=2,224,000 ✅
NODE4:ROUND:830
NODE4:SUPPLY:2224000
  Round 830: 5 vertices ✅

